1570352502296:books
1570352526156:getBooksByGenre tragedy
1570352714023:help
1570352751961:get-books-by-genre tragedy
1570352770190:books tragedy
1570352951272:exit
1570352970191:help
1570352981088:books-genre
1570352991919:books-genre tragedy
1570353041445:exit
1570353206529:bg tragedy
1570353349245:exit
1570353448841:bid
1570353453977:bid 1
1570353462113:gbid 1
1570353527999:exit
1570353889637:a
1570353895508:exit
1570361732405:a
1570361737926:exit
1570362369075:a
1570362371460:exit
1570364522354:addbook newBook 1 2
1570364565838:gbid 5
1570364592141:exit
1570364613559:addbook ttt 1 2
1570364625612:bid 5
1570364632843:exit
1570364774438:a
1570364833774:exit
1570365313467:addbook eee 1 1
1570365354015:exit
1570365367777:addbook eee 1 1
1570526983501:bid 1
1570526997965:exit
1570604879732:a
1570960181331:g
1571033174908:abb 1
1571033429065:abb
1571033464560:abb 1
1571035642335:a
1571035644980:g
1571035661779:bid 1
1571035841430:aid
1571035844120:aid 1
1571035908817:gid 1
1571035918851:bid 1
1571036220229:da 1
1571036459775:cda
1571036847391:b
1571037086832:cda
1571039455181:g
1571039581304:cda
1571039749262:a
1571039989791:bid 1
1571044329370:a
1571044332117:bid 1
1571044350738:cda
1571044509863:bid 1
1571044598084:cda
1571044610954:aid 1
1571044613506:bid 1
1571044618105:gid
1571044621153:gid 1
1571044776461:a
1571044778767:b
1571044781982:g
1571044789270:gid 1
1571044793606:bid 1
1571044799054:aid 1
1571044839348:ab my_book 1 1
1571045216698:abb 1
1571052914409:gbid 1
1571054881750:baid 1
1571055525255:bgid 1
1571055597070:bg tragedy
1571055621200:ab My 1 1
